[debug] [2020-10-06T17:24:55.999Z] ----------------------------------------------------------------------
[debug] [2020-10-06T17:24:56.000Z] Command:       C:\Program Files\nodejs\node.exe C:\Users\Costin\AppData\Roaming\npm\node_modules\firebase-tools\lib\bin\firebase.js deploy
[debug] [2020-10-06T17:24:56.001Z] CLI Version:   6.3.0
[debug] [2020-10-06T17:24:56.001Z] Platform:      win32
[debug] [2020-10-06T17:24:56.001Z] Node Version:  v14.3.0
[debug] [2020-10-06T17:24:56.001Z] Time:          Tue Oct 06 2020 20:24:56 GMT+0300 (Eastern European Summer Time)
[debug] [2020-10-06T17:24:56.001Z] ----------------------------------------------------------------------
[debug] 
[debug] [2020-10-06T17:24:56.010Z] > command requires scopes: ["email","openid","https://www.googleapis.com/auth/cloudplatformprojects.readonly","https://www.googleapis.com/auth/firebase","https://www.googleapis.com/auth/cloud-platform"]
[debug] [2020-10-06T17:24:56.010Z] > authorizing via signed-in user
[debug] [2020-10-06T17:24:56.010Z] [iam] checking project vailant-control for permissions ["cloudfunctions.functions.create","cloudfunctions.functions.delete","cloudfunctions.functions.get","cloudfunctions.functions.list","cloudfunctions.functions.update","cloudfunctions.operations.get","firebase.projects.get","firebasehosting.sites.update"]
[debug] [2020-10-06T17:24:56.012Z] >>> HTTP REQUEST POST https://cloudresourcemanager.googleapis.com/v1/projects/vailant-control:testIamPermissions  

[debug] [2020-10-06T17:24:56.816Z] <<< HTTP RESPONSE 200
[debug] [2020-10-06T17:24:56.820Z] >>> HTTP REQUEST GET https://firebase.googleapis.com/v1beta1/projects/vailant-control  
 
[debug] [2020-10-06T17:24:57.101Z] <<< HTTP RESPONSE 200
[debug] [2020-10-06T17:24:58.689Z] TypeError: Cannot read property 'wanted' of undefined
    at C:\Users\Costin\AppData\Roaming\npm\node_modules\firebase-tools\lib\checkFirebaseSDKVersion.js:37:51
    at processTicksAndRejections (internal/process/task_queues.js:97:5)
[error] 
[error] Error: An unexpected error has occurred.
[debug] [2020-10-06T17:28:42.518Z] ----------------------------------------------------------------------
[debug] [2020-10-06T17:28:42.520Z] Command:       C:\Program Files\nodejs\node.exe C:\Users\Costin\AppData\Roaming\npm\node_modules\firebase-tools\lib\bin\firebase.js serve --only functions
[debug] [2020-10-06T17:28:42.520Z] CLI Version:   6.3.0
[debug] [2020-10-06T17:28:42.520Z] Platform:      win32
[debug] [2020-10-06T17:28:42.520Z] Node Version:  v14.3.0
[debug] [2020-10-06T17:28:42.521Z] Time:          Tue Oct 06 2020 20:28:42 GMT+0300 (Eastern European Summer Time)
[debug] [2020-10-06T17:28:42.521Z] ----------------------------------------------------------------------
[debug] 
[debug] [2020-10-06T17:28:42.529Z] > command requires scopes: ["email","openid","https://www.googleapis.com/auth/cloudplatformprojects.readonly","https://www.googleapis.com/auth/firebase","https://www.googleapis.com/auth/cloud-platform"]
[debug] [2020-10-06T17:28:42.529Z] > authorizing via signed-in user
[debug] [2020-10-06T17:28:42.529Z] [iam] checking project vailant-control for permissions ["firebase.projects.get"]
[debug] [2020-10-06T17:28:42.530Z] >>> HTTP REQUEST POST https://cloudresourcemanager.googleapis.com/v1/projects/vailant-control:testIamPermissions  

[debug] [2020-10-06T17:28:43.373Z] <<< HTTP RESPONSE 200
[debug] [2020-10-06T17:28:43.380Z] >>> HTTP REQUEST GET https://cloudresourcemanager.googleapis.com/v1/projects/vailant-control  
 
[debug] [2020-10-06T17:28:44.175Z] <<< HTTP RESPONSE 200
[info] 
[info] === Serving from 'G:\Proiecte\Salus'...
[info] 
[info] i  functions: Preparing to emulate functions.
[debug] [2020-10-06T17:28:44.718Z] Fetching environment
[debug] [2020-10-06T17:28:44.719Z] >>> HTTP REQUEST GET https://mobilesdk-pa.googleapis.com/v1/projects/646722677978:getServerAppConfig  
 
[debug] [2020-10-06T17:28:45.037Z] <<< HTTP RESPONSE 200
[debug] [2020-10-06T17:28:45.038Z] Starting @google-cloud/functions-emulator
[debug] [2020-10-06T17:28:46.083Z] Parsing function triggers
